2019-11-03 12:15:20.676  INFO 23296 --- [restartedMain] com.tidestorm.blog.BlogApplication       : Starting BlogApplication on DESKTOP-HCBUD30 with PID 23296 (C:\Users\uni\IdeaProjects\blog\target\classes started by uni in C:\Users\uni\IdeaProjects\blog)
2019-11-03 12:15:20.686 DEBUG 23296 --- [restartedMain] com.tidestorm.blog.BlogApplication       : Running with Spring Boot v2.2.0.RELEASE, Spring v5.2.0.RELEASE
2019-11-03 12:15:20.686  INFO 23296 --- [restartedMain] com.tidestorm.blog.BlogApplication       : No active profile set, falling back to default profiles: default
2019-11-03 12:15:20.826  INFO 23296 --- [restartedMain] o.s.b.devtools.restart.ChangeableUrls    : The Class-Path manifest attribute in C:\Users\uni\.m2\repository\org\glassfish\jaxb\jaxb-runtime\2.3.2\jaxb-runtime-2.3.2.jar referenced one or more files that do not exist: file:/C:/Users/uni/.m2/repository/org/glassfish/jaxb/jaxb-runtime/2.3.2/jakarta.xml.bind-api-2.3.2.jar,file:/C:/Users/uni/.m2/repository/org/glassfish/jaxb/jaxb-runtime/2.3.2/txw2-2.3.2.jar,file:/C:/Users/uni/.m2/repository/org/glassfish/jaxb/jaxb-runtime/2.3.2/istack-commons-runtime-3.0.8.jar,file:/C:/Users/uni/.m2/repository/org/glassfish/jaxb/jaxb-runtime/2.3.2/stax-ex-1.8.1.jar,file:/C:/Users/uni/.m2/repository/org/glassfish/jaxb/jaxb-runtime/2.3.2/FastInfoset-1.2.16.jar,file:/C:/Users/uni/.m2/repository/org/glassfish/jaxb/jaxb-runtime/2.3.2/jakarta.activation-api-1.2.1.jar
2019-11-03 12:15:20.836  INFO 23296 --- [restartedMain] .e.DevToolsPropertyDefaultsPostProcessor : Devtools property defaults active! Set 'spring.devtools.add-properties' to 'false' to disable
2019-11-03 12:15:20.836  INFO 23296 --- [restartedMain] .e.DevToolsPropertyDefaultsPostProcessor : For additional web related logging consider setting the 'logging.level.web' property to 'DEBUG'
2019-11-03 12:15:22.996  INFO 23296 --- [restartedMain] o.s.b.w.embedded.tomcat.TomcatWebServer  : Tomcat initialized with port(s): 8080 (http)
2019-11-03 12:15:23.016  INFO 23296 --- [restartedMain] o.apache.catalina.core.StandardService   : Starting service [Tomcat]
2019-11-03 12:15:23.016  INFO 23296 --- [restartedMain] org.apache.catalina.core.StandardEngine  : Starting Servlet engine: [Apache Tomcat/9.0.27]
2019-11-03 12:15:23.356  INFO 23296 --- [restartedMain] o.a.c.c.C.[Tomcat].[localhost].[/]       : Initializing Spring embedded WebApplicationContext
2019-11-03 12:15:23.356  INFO 23296 --- [restartedMain] o.s.web.context.ContextLoader            : Root WebApplicationContext: initialization completed in 2520 ms
2019-11-03 12:15:23.606  INFO 23296 --- [restartedMain] o.s.s.concurrent.ThreadPoolTaskExecutor  : Initializing ExecutorService 'applicationTaskExecutor'
2019-11-03 12:15:23.726  WARN 23296 --- [restartedMain] ion$DefaultTemplateResolverConfiguration : Cannot find template location: classpath:/templates/ (please add some templates or check your Thymeleaf configuration)
2019-11-03 12:15:23.817  INFO 23296 --- [restartedMain] o.s.b.d.a.OptionalLiveReloadServer       : LiveReload server is running on port 35729
2019-11-03 12:15:23.857  INFO 23296 --- [restartedMain] o.apache.catalina.core.StandardService   : Stopping service [Tomcat]
2019-11-03 12:15:23.877  INFO 23296 --- [restartedMain] ConditionEvaluationReportLoggingListener : 

Error starting ApplicationContext. To display the conditions report re-run your application with 'debug' enabled.
2019-11-03 12:15:23.887 ERROR 23296 --- [restartedMain] o.s.b.d.LoggingFailureAnalysisReporter   : 

***************************
APPLICATION FAILED TO START
***************************

Description:

Web server failed to start. Port 8080 was already in use.

Action:

Identify and stop the process that's listening on port 8080 or configure this application to listen on another port.

2019-11-03 12:15:23.887  INFO 23296 --- [restartedMain] o.s.s.concurrent.ThreadPoolTaskExecutor  : Shutting down ExecutorService 'applicationTaskExecutor'
2019-11-03 13:43:41.005  INFO 6524 --- [restartedMain] com.tidestorm.blog.BlogApplication       : Starting BlogApplication on DESKTOP-HCBUD30 with PID 6524 (C:\Users\uni\IdeaProjects\blog\target\classes started by uni in C:\Users\uni\IdeaProjects\blog)
2019-11-03 13:43:41.015 DEBUG 6524 --- [restartedMain] com.tidestorm.blog.BlogApplication       : Running with Spring Boot v2.2.0.RELEASE, Spring v5.2.0.RELEASE
2019-11-03 13:43:41.015  INFO 6524 --- [restartedMain] com.tidestorm.blog.BlogApplication       : No active profile set, falling back to default profiles: default
2019-11-03 13:43:41.085  INFO 6524 --- [restartedMain] o.s.b.devtools.restart.ChangeableUrls    : The Class-Path manifest attribute in C:\Users\uni\.m2\repository\org\glassfish\jaxb\jaxb-runtime\2.3.2\jaxb-runtime-2.3.2.jar referenced one or more files that do not exist: file:/C:/Users/uni/.m2/repository/org/glassfish/jaxb/jaxb-runtime/2.3.2/jakarta.xml.bind-api-2.3.2.jar,file:/C:/Users/uni/.m2/repository/org/glassfish/jaxb/jaxb-runtime/2.3.2/txw2-2.3.2.jar,file:/C:/Users/uni/.m2/repository/org/glassfish/jaxb/jaxb-runtime/2.3.2/istack-commons-runtime-3.0.8.jar,file:/C:/Users/uni/.m2/repository/org/glassfish/jaxb/jaxb-runtime/2.3.2/stax-ex-1.8.1.jar,file:/C:/Users/uni/.m2/repository/org/glassfish/jaxb/jaxb-runtime/2.3.2/FastInfoset-1.2.16.jar,file:/C:/Users/uni/.m2/repository/org/glassfish/jaxb/jaxb-runtime/2.3.2/jakarta.activation-api-1.2.1.jar
2019-11-03 13:43:41.085  INFO 6524 --- [restartedMain] .e.DevToolsPropertyDefaultsPostProcessor : Devtools property defaults active! Set 'spring.devtools.add-properties' to 'false' to disable
2019-11-03 13:43:41.085  INFO 6524 --- [restartedMain] .e.DevToolsPropertyDefaultsPostProcessor : For additional web related logging consider setting the 'logging.level.web' property to 'DEBUG'
2019-11-03 13:43:42.504  INFO 6524 --- [restartedMain] o.s.b.w.embedded.tomcat.TomcatWebServer  : Tomcat initialized with port(s): 8080 (http)
2019-11-03 13:43:42.514  INFO 6524 --- [restartedMain] o.apache.catalina.core.StandardService   : Starting service [Tomcat]
2019-11-03 13:43:42.514  INFO 6524 --- [restartedMain] org.apache.catalina.core.StandardEngine  : Starting Servlet engine: [Apache Tomcat/9.0.27]
2019-11-03 13:43:42.844  INFO 6524 --- [restartedMain] o.a.c.c.C.[Tomcat].[localhost].[/]       : Initializing Spring embedded WebApplicationContext
2019-11-03 13:43:42.844  INFO 6524 --- [restartedMain] o.s.web.context.ContextLoader            : Root WebApplicationContext: initialization completed in 1759 ms
2019-11-03 13:43:43.044  INFO 6524 --- [restartedMain] o.s.s.concurrent.ThreadPoolTaskExecutor  : Initializing ExecutorService 'applicationTaskExecutor'
2019-11-03 13:43:43.164  WARN 6524 --- [restartedMain] ion$DefaultTemplateResolverConfiguration : Cannot find template location: classpath:/templates/ (please add some templates or check your Thymeleaf configuration)
2019-11-03 13:43:43.274  INFO 6524 --- [restartedMain] o.s.b.d.a.OptionalLiveReloadServer       : LiveReload server is running on port 35729
2019-11-03 13:43:43.344  INFO 6524 --- [restartedMain] o.apache.catalina.core.StandardService   : Stopping service [Tomcat]
2019-11-03 13:43:43.394  INFO 6524 --- [restartedMain] ConditionEvaluationReportLoggingListener : 

Error starting ApplicationContext. To display the conditions report re-run your application with 'debug' enabled.
2019-11-03 13:43:43.404 ERROR 6524 --- [restartedMain] o.s.b.d.LoggingFailureAnalysisReporter   : 

***************************
APPLICATION FAILED TO START
***************************

Description:

Web server failed to start. Port 8080 was already in use.

Action:

Identify and stop the process that's listening on port 8080 or configure this application to listen on another port.

2019-11-03 13:43:43.414  INFO 6524 --- [restartedMain] o.s.s.concurrent.ThreadPoolTaskExecutor  : Shutting down ExecutorService 'applicationTaskExecutor'
2019-11-03 13:47:49.374  INFO 20592 --- [restartedMain] com.tidestorm.blog.BlogApplication       : Starting BlogApplication on DESKTOP-HCBUD30 with PID 20592 (C:\Users\uni\IdeaProjects\blog\target\classes started by uni in C:\Users\uni\IdeaProjects\blog)
2019-11-03 13:47:49.374 DEBUG 20592 --- [restartedMain] com.tidestorm.blog.BlogApplication       : Running with Spring Boot v2.2.0.RELEASE, Spring v5.2.0.RELEASE
2019-11-03 13:47:49.384  INFO 20592 --- [restartedMain] com.tidestorm.blog.BlogApplication       : No active profile set, falling back to default profiles: default
2019-11-03 13:47:49.504  INFO 20592 --- [restartedMain] o.s.b.devtools.restart.ChangeableUrls    : The Class-Path manifest attribute in C:\Users\uni\.m2\repository\org\glassfish\jaxb\jaxb-runtime\2.3.2\jaxb-runtime-2.3.2.jar referenced one or more files that do not exist: file:/C:/Users/uni/.m2/repository/org/glassfish/jaxb/jaxb-runtime/2.3.2/jakarta.xml.bind-api-2.3.2.jar,file:/C:/Users/uni/.m2/repository/org/glassfish/jaxb/jaxb-runtime/2.3.2/txw2-2.3.2.jar,file:/C:/Users/uni/.m2/repository/org/glassfish/jaxb/jaxb-runtime/2.3.2/istack-commons-runtime-3.0.8.jar,file:/C:/Users/uni/.m2/repository/org/glassfish/jaxb/jaxb-runtime/2.3.2/stax-ex-1.8.1.jar,file:/C:/Users/uni/.m2/repository/org/glassfish/jaxb/jaxb-runtime/2.3.2/FastInfoset-1.2.16.jar,file:/C:/Users/uni/.m2/repository/org/glassfish/jaxb/jaxb-runtime/2.3.2/jakarta.activation-api-1.2.1.jar
2019-11-03 13:47:49.504  INFO 20592 --- [restartedMain] .e.DevToolsPropertyDefaultsPostProcessor : Devtools property defaults active! Set 'spring.devtools.add-properties' to 'false' to disable
2019-11-03 13:47:49.504  INFO 20592 --- [restartedMain] .e.DevToolsPropertyDefaultsPostProcessor : For additional web related logging consider setting the 'logging.level.web' property to 'DEBUG'
2019-11-03 13:47:51.094  INFO 20592 --- [restartedMain] o.s.b.w.embedded.tomcat.TomcatWebServer  : Tomcat initialized with port(s): 8080 (http)
2019-11-03 13:47:51.104  INFO 20592 --- [restartedMain] o.apache.catalina.core.StandardService   : Starting service [Tomcat]
2019-11-03 13:47:51.114  INFO 20592 --- [restartedMain] org.apache.catalina.core.StandardEngine  : Starting Servlet engine: [Apache Tomcat/9.0.27]
2019-11-03 13:47:51.464  INFO 20592 --- [restartedMain] o.a.c.c.C.[Tomcat].[localhost].[/]       : Initializing Spring embedded WebApplicationContext
2019-11-03 13:47:51.464  INFO 20592 --- [restartedMain] o.s.web.context.ContextLoader            : Root WebApplicationContext: initialization completed in 1960 ms
2019-11-03 13:47:51.684  INFO 20592 --- [restartedMain] o.s.s.concurrent.ThreadPoolTaskExecutor  : Initializing ExecutorService 'applicationTaskExecutor'
2019-11-03 13:47:51.804  WARN 20592 --- [restartedMain] ion$DefaultTemplateResolverConfiguration : Cannot find template location: classpath:/templates/ (please add some templates or check your Thymeleaf configuration)
2019-11-03 13:47:51.884  INFO 20592 --- [restartedMain] o.s.b.d.a.OptionalLiveReloadServer       : LiveReload server is running on port 35729
2019-11-03 13:47:51.924  INFO 20592 --- [restartedMain] o.apache.catalina.core.StandardService   : Stopping service [Tomcat]
2019-11-03 13:47:51.944  INFO 20592 --- [restartedMain] ConditionEvaluationReportLoggingListener : 

Error starting ApplicationContext. To display the conditions report re-run your application with 'debug' enabled.
2019-11-03 13:47:51.954 ERROR 20592 --- [restartedMain] o.s.b.d.LoggingFailureAnalysisReporter   : 

***************************
APPLICATION FAILED TO START
***************************

Description:

Web server failed to start. Port 8080 was already in use.

Action:

Identify and stop the process that's listening on port 8080 or configure this application to listen on another port.

2019-11-03 13:47:51.954  INFO 20592 --- [restartedMain] o.s.s.concurrent.ThreadPoolTaskExecutor  : Shutting down ExecutorService 'applicationTaskExecutor'
